\BOOKMARK [1][-]{section.1}{Introduction}{}% 1
\BOOKMARK [1][-]{section.2}{Chance for Publishing a Paper}{}% 2
\BOOKMARK [1][-]{section.3}{Examples of Article Components}{}% 3
\BOOKMARK [1][-]{section.4}{Figures and Tables}{}% 4
\BOOKMARK [2][-]{subsection.4.1}{Sample Figure}{section.4}% 5
\BOOKMARK [2][-]{subsection.4.2}{Sample Table}{section.4}% 6
\BOOKMARK [1][-]{section.5}{Sample Equation}{}% 7
\BOOKMARK [1][-]{section.6}{Sample Algorithm}{}% 8
\BOOKMARK [1][-]{section.7}{Reference Management}{}% 9
\BOOKMARK [1][-]{section.8}{Supplemental Material}{}% 10
\BOOKMARK [1][-]{appendix.A}{Work Breakdown}{}% 11
\BOOKMARK [1][-]{appendix.B}{Report Checklist}{}% 12
\BOOKMARK [1][-]{appendix.C}{Possible technology paper outline}{}% 13
\BOOKMARK [1][-]{appendix.D}{Abstract}{}% 14
\BOOKMARK [1][-]{appendix.E}{Introduction}{}% 15
\BOOKMARK [1][-]{appendix.F}{Architecture}{}% 16
\BOOKMARK [2][-]{subsection.F.1}{API}{appendix.F}% 17
\BOOKMARK [2][-]{subsection.F.2}{Shell Access}{appendix.F}% 18
\BOOKMARK [2][-]{subsection.F.3}{GUI}{appendix.F}% 19
\BOOKMARK [2][-]{subsection.F.4}{Licensing}{appendix.F}% 20
\BOOKMARK [2][-]{subsection.F.5}{Ecosystem}{appendix.F}% 21
\BOOKMARK [1][-]{appendix.G}{Use Cases for Big Data}{}% 22
\BOOKMARK [1][-]{appendix.H}{Other Use Cases}{}% 23
\BOOKMARK [1][-]{appendix.I}{Educational material}{}% 24
\BOOKMARK [1][-]{appendix.J}{Conclusion}{}% 25
